
BCTfile              81.06
Ctlfile             209.94
Datafile      3,992,644.07
OnlineRedo       12,288.00
Tempfile        131,071.94
           ---------------
sum           4,136,295.01

5 rows selected.


TABLE              DISABLED                           1,107,936.06                    3,489
                   ENABLED  BASIC                         4,547.00                        1
TABLE PARTITION    DISABLED                              28,117.38                      521
TABLE SUBPARTITION DISABLED                               3,477.19                    2,540
****************** ******** ************ ********* --------------- --------------- --------
sum                                                   1,144,077.63                    6,551

4 rows selected.


         1         10          1         1,024.00
                   11          1         1,024.00
                   12          1         1,024.00
                   13          1         1,024.00
         2         20          1         1,024.00
                   21          1         1,024.00
                   22          1         1,024.00
                   23          1         1,024.00
         3         30          1         1,024.00
                   31          1         1,024.00
                   32          1         1,024.00
                   33          1         1,024.00
********** ********** ********** ----------------
sum                                     12,288.00

12 rows selected.


********************            ------------------- ------------------- -------------------


no rows selected


16-MAY-2023                 4,227.63
17-MAY-2023                13,452.35
******************** ---------------
                           17,679.98

2 rows selected.


no rows selected

