
BCTfile               0.00
Ctlfile             109.69
Datafile        114,592.50
OnlineRedo        7,200.00
Tempfile         23,710.00
           ---------------
sum             145,612.19

5 rows selected.


TABLE              DISABLED                              24,549.63                    1,670
                   ENABLED  OLTP                              2.56                        2
TABLE PARTITION    DISABLED                                 332.63                      280
TABLE SUBPARTITION DISABLED                                   2.00                       32
****************** ******** ************ ********* --------------- --------------- --------
sum                                                      24,886.81                    1,984

4 rows selected.


         1          1          2           400.00
                    2          2           400.00
                    7          2           400.00
         2          3          2           400.00
                    4          2           400.00
                    8          2           400.00
         3          5          2           400.00
                    6          2           400.00
                    9          2           400.00
********** ********** ********** ----------------
sum                                      3,600.00

9 rows selected.


14-MAY-2023          D        0          114,546.25          114,546.25           71,572.13
15-MAY-2023          I        1          114,546.25          114,546.25            9,509.54
16-MAY-2023          D                       274.22              274.22              274.22
                     I        1          114,546.25          114,546.25            9,599.90
17-MAY-2023          D                       767.81              767.81              767.81
                     I        1          114,546.25          114,546.25            8,729.16
18-MAY-2023          D                       767.81              767.81              767.81
                     I        1          114,546.25          114,546.25            8,539.20
19-MAY-2023          D                       767.81              767.81              767.81
                     I        1          114,546.25          114,546.25            8,820.81
20-MAY-2023          D                       767.81              767.81              767.81
                     I        1          114,546.25          114,546.25            9,402.45
21-MAY-2023          D        0          114,546.25          114,546.25           71,724.21
                     D                       767.81              767.81              767.81
22-MAY-2023          D                       767.81              767.81              767.81
                     I        1          114,562.50          114,562.50            9,016.61
23-MAY-2023          D                       767.81              767.81              767.81
                     I        1          114,572.50          114,572.50            8,914.56
24-MAY-2023          D                       767.81              767.81              767.81
                     I        1          114,572.50          114,572.50            8,407.88
25-MAY-2023          D                       767.81              767.81              767.81
                     I        1          114,572.50          114,572.50            8,200.34
26-MAY-2023          D                       767.81              767.81              767.81
                     I        1          114,572.50          114,572.50            8,280.96
27-MAY-2023          D                       767.81              767.81              767.81
                     I        1          114,572.50          114,572.50            8,875.45
28-MAY-2023          D        0          114,572.50          114,572.50           71,890.96
                     D                       767.81              767.81              767.81
29-MAY-2023          D                       767.81              767.81              767.81
                     I        1          114,582.50          114,582.50            8,717.46
30-MAY-2023          D                       767.81              767.81              767.81
                     I        1          114,582.50          114,582.50            8,935.93
31-MAY-2023          D                       767.81              767.81              767.81
                     I        1          114,582.50          114,582.50            8,999.44
01-JUN-2023          D                       767.81              767.81              767.81
                     I        1          114,582.50          114,582.50            8,684.67
02-JUN-2023          D                       767.81              767.81              767.81
                     I        1          114,582.50          114,582.50            8,601.87
03-JUN-2023          D                       767.81              767.81              767.81
                     I        1          114,582.50          114,582.50            8,488.27
04-JUN-2023          D        0          114,592.50          114,592.50           72,038.23
                     D                       767.81              767.81              767.81
05-JUN-2023          D                       767.81              767.81              767.81
                     I        1          114,592.50          114,592.50            8,893.89
06-JUN-2023          D                       767.81              767.81              767.81
                     I        1          114,592.50          114,592.50            9,132.46
07-JUN-2023          D                       493.59              493.59              493.59
                     I        1          114,592.50          114,592.50            8,626.66
********************            ------------------- ------------------- -------------------
                                       2,881,124.38        2,881,124.38          489,494.90

48 rows selected.


28-FEB-2023                 9,059.14
01-MAR-2023                10,557.01
02-MAR-2023                 9,954.21
03-MAR-2023                10,050.24
04-MAR-2023                10,887.31
05-MAR-2023                12,096.42
06-MAR-2023                10,391.62
07-MAR-2023                11,024.94
08-MAR-2023                10,501.23
09-MAR-2023                 9,979.37
10-MAR-2023                 9,951.25
11-MAR-2023                11,011.97
12-MAR-2023                11,757.90
13-MAR-2023                10,901.83
14-MAR-2023                10,135.83
15-MAR-2023                10,387.35
16-MAR-2023                 9,941.14
17-MAR-2023                 9,660.69
18-MAR-2023                11,114.96
19-MAR-2023                12,764.92
20-MAR-2023                10,822.71
21-MAR-2023                10,999.10
22-MAR-2023                11,186.63
23-MAR-2023                10,663.76
24-MAR-2023                10,184.04
25-MAR-2023                10,955.88
26-MAR-2023                12,678.02
27-MAR-2023                11,407.38
28-MAR-2023                10,371.31
29-MAR-2023                11,224.93
30-MAR-2023                10,559.31
31-MAR-2023                10,161.15
01-APR-2023                11,415.93
02-APR-2023                12,971.35
03-APR-2023                10,659.81
04-APR-2023                10,760.74
05-APR-2023                12,163.36
06-APR-2023                10,755.45
07-APR-2023                10,095.12
08-APR-2023                10,756.30
09-APR-2023                10,415.51
10-APR-2023                12,309.31
11-APR-2023                11,400.33
12-APR-2023                11,943.60
13-APR-2023                10,032.92
14-APR-2023                11,102.39
15-APR-2023                11,047.04
16-APR-2023                12,351.81
17-APR-2023                11,408.30
18-APR-2023                11,023.61
19-APR-2023                10,746.03
20-APR-2023                10,027.40
21-APR-2023                10,111.02
22-APR-2023                11,026.77
23-APR-2023                12,626.89
24-APR-2023                11,227.66
25-APR-2023                10,591.13
26-APR-2023                10,330.59
27-APR-2023                10,401.88
28-APR-2023                10,084.65
29-APR-2023                10,617.67
30-APR-2023                10,920.08
01-MAY-2023                11,977.07
02-MAY-2023                10,049.73
03-MAY-2023                14,431.85
04-MAY-2023                12,613.76
05-MAY-2023                12,849.96
06-MAY-2023                12,228.11
07-MAY-2023                15,019.12
08-MAY-2023                16,281.31
09-MAY-2023                14,810.95
10-MAY-2023                13,574.48
11-MAY-2023                11,170.24
12-MAY-2023                11,289.10
13-MAY-2023                10,979.01
14-MAY-2023                12,753.19
15-MAY-2023                11,209.13
16-MAY-2023                10,708.14
17-MAY-2023                10,250.50
18-MAY-2023                11,399.17
19-MAY-2023                10,938.55
20-MAY-2023                11,114.74
21-MAY-2023                12,087.88
22-MAY-2023                11,246.29
23-MAY-2023                10,483.30
24-MAY-2023                10,712.26
25-MAY-2023                10,005.03
26-MAY-2023                10,317.10
27-MAY-2023                10,684.97
28-MAY-2023                11,577.59
29-MAY-2023                12,358.42
30-MAY-2023                10,963.65
31-MAY-2023                12,933.51
01-JUN-2023                10,657.66
02-JUN-2023                10,627.04
03-JUN-2023                10,239.70
04-JUN-2023                12,065.71
05-JUN-2023                11,321.68
06-JUN-2023                11,239.08

07-JUN-2023                 4,615.90
******************** ---------------
                        1,114,453.09

100 rows selected.


14-MAY-2023                11,044.60
15-MAY-2023                11,209.13
16-MAY-2023                10,708.14
17-MAY-2023                10,250.50
18-MAY-2023                11,399.17
19-MAY-2023                10,938.55
20-MAY-2023                11,114.74
21-MAY-2023                12,087.88
22-MAY-2023                11,246.29
23-MAY-2023                10,483.30
24-MAY-2023                10,712.26
25-MAY-2023                10,005.03
26-MAY-2023                10,317.10
27-MAY-2023                10,684.97
28-MAY-2023                11,577.59
29-MAY-2023                12,358.42
30-MAY-2023                10,963.65
31-MAY-2023                12,933.51
01-JUN-2023                10,657.66
02-JUN-2023                10,627.04
03-JUN-2023                10,239.70
04-JUN-2023                12,065.71
05-JUN-2023                11,321.68
06-JUN-2023                11,239.08
07-JUN-2023                 3,977.14

25 rows selected.

