
BCTfile             521.06
Ctlfile             480.94
Datafile      3,991,428.07
OnlineRedo       12,288.00
Tempfile        131,071.94
           ---------------
sum           4,135,790.01

5 rows selected.


TABLE              DISABLED                           1,119,493.25                    3,489
                   ENABLED  BASIC                         4,547.00                        1
TABLE PARTITION    DISABLED                              28,316.50                      500
TABLE SUBPARTITION DISABLED                               3,484.19                    2,540
****************** ******** ************ ********* --------------- --------------- --------
sum                                                   1,155,840.94                    6,530

4 rows selected.


         1         10          1         1,024.00
                   11          1         1,024.00
                   12          1         1,024.00
                   13          1         1,024.00
         2         20          1         1,024.00
                   21          1         1,024.00
                   22          1         1,024.00
                   23          1         1,024.00
         3         30          1         1,024.00
                   31          1         1,024.00
                   32          1         1,024.00
                   33          1         1,024.00
********** ********** ********** ----------------
sum                                     12,288.00

12 rows selected.


14-MAY-2023          D        0        3,991,108.07        3,991,108.07        3,895,667.35
15-MAY-2023          I        1        3,991,108.07          658,101.52          252,452.23
16-MAY-2023          D                     1,442.81            1,442.81            1,442.81
                     I        1        3,991,108.07          691,802.69          297,500.44
17-MAY-2023          D                     3,126.09            3,126.09            3,126.09
                     I        1        3,991,108.07          610,225.09          255,172.38
18-MAY-2023          D                     3,126.09            3,126.09            3,126.09
                     I        1        3,991,108.07          563,585.72          245,697.75
19-MAY-2023          D                     3,126.09            3,126.09            3,126.09
                     I        1        3,991,108.07          578,524.58          239,861.99
20-MAY-2023          D                     3,126.09            3,126.09            3,126.09
                     I        1        3,991,108.07          527,916.06          222,482.30
21-MAY-2023          D        0        3,991,108.07        3,991,108.07        3,895,879.50
                     D                     3,126.09            3,126.09            3,126.09
22-MAY-2023          D                     3,126.09            3,126.09            3,126.09
                     I        1        3,991,108.07          644,400.91          259,277.03
23-MAY-2023          D                     3,126.09            3,126.09            3,126.09
                     I        1        3,991,108.07          637,000.23          270,812.64
24-MAY-2023          D                     3,126.09            3,126.09            3,126.09
                     I        1        3,991,108.07          628,032.75          276,547.73
25-MAY-2023          D                     3,126.09            3,126.09            3,126.09
                     I        1        3,991,108.07          621,252.13          270,338.61
26-MAY-2023          D                     3,126.09            3,126.09            3,126.09
                     I        1        3,991,108.07          587,046.08          248,273.53
27-MAY-2023          D                     3,126.09            3,126.09            3,126.09
                     I        1        3,991,108.07          504,157.63          220,605.48
28-MAY-2023          D        0        3,991,172.07        3,991,172.07        3,896,277.27
                     D                     3,126.09            3,126.09            3,126.09
29-MAY-2023          D                     3,126.09            3,126.09            3,126.09
                     I        1        3,991,172.07          683,424.77          322,118.34
30-MAY-2023          D                     3,126.09            3,126.09            3,126.09
                     I        1        3,991,300.07          679,486.11          283,489.55
31-MAY-2023          D                     3,126.09            3,126.09            3,126.09
                     I        1        3,991,300.07          656,527.13          277,809.20
01-JUN-2023          D                     3,126.09            3,126.09            3,126.09
                     I        1        3,991,428.07          654,945.36          296,574.61
02-JUN-2023          D                     3,126.09            3,126.09            3,126.09
                     I        1        3,991,428.07          622,121.77          271,976.77
03-JUN-2023          D                     3,126.09            3,126.09            3,126.09
                     I        1        3,991,428.07          510,109.75          221,200.31
04-JUN-2023          D        0        3,991,428.07        3,991,428.07        3,896,909.88
                     D                     3,126.09            3,126.09            3,126.09
05-JUN-2023          D                     3,126.09            3,126.09            3,126.09
                     I        1        3,991,428.07          692,105.06          284,953.91
06-JUN-2023          D                     3,126.09            3,126.09            3,126.09
                     I        1        3,991,428.07          667,509.55          279,405.98
07-JUN-2023          D                     1,683.28            1,683.28            1,683.28
********************            ------------------- ------------------- -------------------
                                      95,857,799.75       28,451,865.20       20,950,058.86

47 rows selected.


02-FEB-2023             1,228,857.69
03-FEB-2023               935,391.35
04-FEB-2023               736,083.84
05-FEB-2023               774,175.61
06-FEB-2023             1,003,939.15
07-FEB-2023               972,110.84
08-FEB-2023               934,966.83
09-FEB-2023             1,298,099.91
10-FEB-2023             1,288,047.70
11-FEB-2023               645,384.12
12-FEB-2023               762,074.82
13-FEB-2023               925,583.22
14-FEB-2023               845,564.15
15-FEB-2023               809,050.28
16-FEB-2023               892,041.90
17-FEB-2023               828,792.76
18-FEB-2023               730,841.65
19-FEB-2023               792,374.74
20-FEB-2023               858,660.68
21-FEB-2023               936,066.92
22-FEB-2023               962,705.32
23-FEB-2023               956,735.23
24-FEB-2023             1,424,526.94
25-FEB-2023               725,691.55
26-FEB-2023               804,520.12
27-FEB-2023               897,156.45
28-FEB-2023               891,801.01
01-MAR-2023               984,036.57
02-MAR-2023               813,240.16
03-MAR-2023               843,087.88
04-MAR-2023               671,208.58
05-MAR-2023               751,032.53
06-MAR-2023             1,051,768.36
07-MAR-2023               721,362.60
08-MAR-2023               905,306.38
09-MAR-2023               912,662.37
10-MAR-2023               830,658.43
11-MAR-2023               584,890.02
12-MAR-2023               665,676.13
13-MAR-2023               787,229.01
14-MAR-2023               744,297.78
15-MAR-2023               673,137.53
16-MAR-2023               775,281.92
17-MAR-2023               717,587.88
18-MAR-2023               595,606.67
19-MAR-2023               697,048.91
20-MAR-2023               803,519.63
21-MAR-2023               777,221.67
22-MAR-2023               942,645.82
23-MAR-2023               804,325.44
24-MAR-2023               792,147.34
25-MAR-2023               639,339.15
26-MAR-2023               653,734.68
27-MAR-2023               928,144.39
28-MAR-2023             1,212,781.04
29-MAR-2023               836,091.01
30-MAR-2023               768,501.69
31-MAR-2023               712,914.60
01-APR-2023               659,528.24
02-APR-2023               721,659.27
03-APR-2023               825,514.69
04-APR-2023               731,122.86
05-APR-2023               778,126.39
06-APR-2023               921,546.25
07-APR-2023               942,685.15
08-APR-2023               533,357.74
09-APR-2023               530,552.53
10-APR-2023               482,370.42
11-APR-2023               932,816.05
12-APR-2023               905,482.71
13-APR-2023               840,634.65
14-APR-2023               891,798.96
15-APR-2023               541,087.40
16-APR-2023               562,582.17
17-APR-2023               767,110.40
18-APR-2023               781,423.57
19-APR-2023               960,442.17
20-APR-2023               627,654.77
21-APR-2023               667,687.12
22-APR-2023               540,189.91
23-APR-2023               590,790.36
24-APR-2023               908,340.51
25-APR-2023               757,255.53
26-APR-2023               669,395.76
27-APR-2023               676,737.07
28-APR-2023               602,027.07
29-APR-2023               546,597.02
30-APR-2023               593,551.54
01-MAY-2023               556,075.40
02-MAY-2023               978,696.02
03-MAY-2023               844,572.84
04-MAY-2023             1,029,047.73
05-MAY-2023               819,165.71
06-MAY-2023               700,260.34
07-MAY-2023               715,215.36
08-MAY-2023               718,506.23
09-MAY-2023               816,304.96
10-MAY-2023               776,850.36
11-MAY-2023               780,719.88

12-MAY-2023               787,710.49
13-MAY-2023               601,795.02
14-MAY-2023               607,003.14
15-MAY-2023               768,469.86
16-MAY-2023               702,663.08
17-MAY-2023               631,628.14
18-MAY-2023               510,519.36
19-MAY-2023               553,962.33
20-MAY-2023               533,548.88
21-MAY-2023               542,369.16
22-MAY-2023               661,496.47
23-MAY-2023               649,004.03
24-MAY-2023               703,574.73
25-MAY-2023               645,196.00
26-MAY-2023               583,230.53
27-MAY-2023               530,525.38
28-MAY-2023               534,947.52
29-MAY-2023             1,173,236.85
30-MAY-2023               755,052.71
31-MAY-2023               764,493.69
01-JUN-2023               729,350.85
02-JUN-2023               634,602.85
03-JUN-2023               509,513.09
04-JUN-2023               548,697.70
05-JUN-2023               725,811.08
06-JUN-2023               742,530.53
07-JUN-2023               378,328.88
******************** ---------------
                       97,192,476.47

126 rows selected.


14-MAY-2023                27,454.90
15-MAY-2023               393,463.95
16-MAY-2023               356,411.43
17-MAY-2023               323,844.38
18-MAY-2023               263,763.86
19-MAY-2023               282,162.68
20-MAY-2023               274,932.73
21-MAY-2023               280,868.56
22-MAY-2023               339,020.55
23-MAY-2023               329,809.52
24-MAY-2023               355,024.55
25-MAY-2023               327,608.44
26-MAY-2023               298,575.13
27-MAY-2023               272,015.04
28-MAY-2023               270,812.47
29-MAY-2023               595,063.35
30-MAY-2023               383,186.80
31-MAY-2023               389,246.97
01-JUN-2023               375,362.17
02-JUN-2023               330,894.62
03-JUN-2023               263,540.07
04-JUN-2023               282,704.45
05-JUN-2023               371,059.12
06-JUN-2023               385,581.82
07-JUN-2023               182,313.69

25 rows selected.

