
BCTfile           1,321.07
Ctlfile             229.38
Datafile     11,918,561.45
OnlineRedo       32,768.00
Tempfile        316,608.00
           ---------------
sum          12,269,487.90

5 rows selected.


TABLE              DISABLED                              15,689.00                    1,092
                   ENABLED  ARCHIVE HIGH                 27,407.19      137,035.94       10
                            ARCHIVE LOW                   3,490.00       13,960.00       26
                            BASIC                       111,961.38                    1,420
                            QUERY HIGH                  825,092.63    1,925,216.13    4,472
                            QUERY LOW                    40,231.25       40,231.25      437
TABLE PARTITION    DISABLED                             101,243.63                    1,954
                   ENABLED  ARCHIVE HIGH                     25.00          125.00        1
                            ARCHIVE LOW                      29.50          118.00      184
                            BASIC                        61,792.00                    1,238
                            QUERY HIGH                8,363,597.88   19,515,061.71   32,698
                            QUERY LOW                    74,189.44       74,189.44    1,550
TABLE SUBPARTITION DISABLED                               4,554.13                    8,843
                   ENABLED  ARCHIVE LOW                  65,581.81      262,327.25       70
                            BASIC                        25,175.00                       58
                            QUERY HIGH                  209,638.31      489,156.06    1,678
                            QUERY LOW                    74,018.00       74,018.00      320
****************** ******** ************ ********* --------------- --------------- --------
sum                                                  10,003,716.13   22,531,438.77   56,051

17 rows selected.


         1          1          2         1,024.00
                    2          2         1,024.00
                    5          2         1,024.00
                    6          2         1,024.00
                    9          2         1,024.00
                   10          2         1,024.00
                   13          2         1,024.00
                   14          2         1,024.00
         2          3          2         1,024.00
                    4          2         1,024.00
                    7          2         1,024.00
                    8          2         1,024.00
                   11          2         1,024.00
                   12          2         1,024.00
                   15          2         1,024.00
                   16          2         1,024.00
********** ********** ********** ----------------
sum                                     16,384.00

16 rows selected.


14-MAY-2023 D        0        5,294,985.44        5,294,985.44        5,104,416.42
15-MAY-2023 D        0        6,506,861.02        6,506,861.02        6,029,746.34
            D                       229.38              229.38              229.38
            I        1       11,805,646.45          469,072.13          469,072.13
16-MAY-2023 D                       688.13              688.13              688.13
            I        1       11,809,446.45          479,746.84          479,746.84
17-MAY-2023 D                       688.13              688.13              688.13
            I        1       11,813,246.45          450,812.55          450,812.55
18-MAY-2023 D                       688.13              688.13              688.13
            I        1       11,818,346.45          433,703.78          433,703.78
19-MAY-2023 D                       688.13              688.13              688.13
            I        1       11,823,746.45          436,473.23          436,473.23
20-MAY-2023 D                       688.13              688.13              688.13
            I        1       11,828,246.45          423,090.03          423,090.03
21-MAY-2023 D        0        5,786,490.44        5,786,490.44        5,584,051.84
            D                       229.38              229.38              229.38
22-MAY-2023 D        0        6,087,416.02        6,087,416.02        5,602,474.20
            D                     1,146.88            1,146.88            1,146.88
            I        1       11,838,746.45          478,261.39          478,261.39
23-MAY-2023 D                       688.13              688.13              688.13
            I        1       11,842,246.45          468,544.77          468,544.77
24-MAY-2023 D                       688.13              688.13              688.13
            I        1       11,844,746.45          448,319.55          448,319.55
25-MAY-2023 D                       458.75              458.75              458.75
            I        1       11,830,567.45          442,109.70          442,109.70
26-MAY-2023 D                       688.13              688.13              688.13
            I        1       11,829,645.45          450,705.64          450,705.64
27-MAY-2023 D                       688.13              688.13              688.13
            I        1       11,832,145.45          400,912.14          400,912.14
28-MAY-2023 D        0        5,786,490.44        5,786,490.44        5,584,636.59
            D                       229.38              229.38              229.38
29-MAY-2023 D        0        6,090,615.02        6,090,615.02        5,619,049.00
            D                     1,376.25            1,376.25            1,376.25
            I        1       11,845,701.45          466,733.80          466,733.80
30-MAY-2023 D                       688.13              688.13              688.13
            I        1       11,855,401.45          477,109.22          477,109.22
31-MAY-2023 D                       917.50              917.50              917.50
            I        1       11,855,401.45          406,584.80          406,584.80
01-JUN-2023 D                       688.13              688.13              688.13
            I        1       11,859,401.45          440,465.23          440,465.23
02-JUN-2023 D                       688.13              688.13              688.13
            I        1       11,863,201.45          438,235.95          438,235.95
03-JUN-2023 D                       688.13              688.13              688.13
            I        1       11,867,601.45          427,094.48          427,094.48
04-JUN-2023 D        0        5,630,795.44        5,630,795.44        5,425,140.00
            D                       229.38              229.38              229.38
05-JUN-2023 D        0        6,283,366.02        6,283,366.02        5,806,554.86
            D                     1,146.88            1,146.88            1,146.88
            I        1       11,876,301.45          454,070.63          454,070.63
06-JUN-2023 D                       688.13              688.13              688.13
            I        1       11,876,301.45          476,167.52          476,167.52
***********            ------------------- ------------------- -------------------
                            284,298,705.38       56,450,830.69       53,739,880.14

51 rows selected.


21-APR-2023      450,867.52
22-APR-2023      458,686.13
23-APR-2023      476,210.10
24-APR-2023      468,700.21
25-APR-2023      488,968.85
26-APR-2023      427,808.38
27-APR-2023      471,841.89
28-APR-2023      454,283.43
29-APR-2023      458,081.36
30-APR-2023      471,726.96
01-MAY-2023      469,844.99
02-MAY-2023      456,337.44
03-MAY-2023      461,087.39
04-MAY-2023      466,636.57
05-MAY-2023      461,938.15
06-MAY-2023      467,666.02
07-MAY-2023      480,924.21
08-MAY-2023      483,632.91
09-MAY-2023      497,469.48
10-MAY-2023      472,941.93
11-MAY-2023      466,860.04
12-MAY-2023      466,583.05
13-MAY-2023      466,109.01
14-MAY-2023      481,893.25
15-MAY-2023      475,100.91
16-MAY-2023      493,797.64
17-MAY-2023      465,916.65
18-MAY-2023      471,080.79
19-MAY-2023      471,474.58
20-MAY-2023      467,920.91
21-MAY-2023      479,108.75
22-MAY-2023      471,920.45
23-MAY-2023      492,007.99
24-MAY-2023      463,175.08
25-MAY-2023      453,854.06
26-MAY-2023      467,074.27
27-MAY-2023      429,995.39
28-MAY-2023      470,893.22
29-MAY-2023      477,574.20
30-MAY-2023      495,257.54
31-MAY-2023      467,681.83
01-JUN-2023      469,301.49
02-JUN-2023      462,664.68
03-JUN-2023      464,361.72
04-JUN-2023      476,370.24
05-JUN-2023      449,407.61
06-JUN-2023      484,590.83
07-JUN-2023      360,424.98
*********** ---------------
              22,408,055.08

48 rows selected.


14-MAY-2023        2,727.01
15-MAY-2023      475,100.91
16-MAY-2023      493,797.64
17-MAY-2023      465,916.65
18-MAY-2023      471,080.79
19-MAY-2023      471,474.58
20-MAY-2023      467,920.91
21-MAY-2023      479,108.75
22-MAY-2023      471,920.45
23-MAY-2023      492,007.99
24-MAY-2023      463,175.08
25-MAY-2023      453,854.06
26-MAY-2023      467,074.27
27-MAY-2023      429,995.39
28-MAY-2023      470,893.22
29-MAY-2023      477,574.20
30-MAY-2023      495,257.54
31-MAY-2023      467,681.83
01-JUN-2023      469,301.49
02-JUN-2023      462,664.68
03-JUN-2023      464,361.72
04-JUN-2023      476,370.24
05-JUN-2023      449,407.61
06-JUN-2023      484,569.54

24 rows selected.

